<?xml version="1.0" encoding="UTF-8"?>
<!-- Generated by org.testng.reporters.JUnitXMLReporter -->
<testsuite hostname="PRIYANKA" ignored="0" name="Test" tests="12" failures="0" timestamp="2022-02-17T20:04:09 IST" time="182.23" errors="0">
  <testcase name="@BeforeTest beforeTest" time="181.671" classname="com.selenium.project4.Airline">
    <failure type="org.openqa.selenium.SessionNotCreatedException" message="Could not start a new session. Response code 500. Message: chrome not reachable
Build info: version: &amp;apos;4.1.2&amp;apos;, revision: &amp;apos;9a5a329c5a&amp;apos;
System info: host: &amp;apos;PRIYANKA&amp;apos;, ip: &amp;apos;192.168.70.202&amp;apos;, os.name: &amp;apos;Windows 11&amp;apos;, os.arch: &amp;apos;amd64&amp;apos;, os.version: &amp;apos;10.0&amp;apos;, java.version: &amp;apos;1.8.0_321&amp;apos;
Driver info: org.openqa.selenium.edge.EdgeDriver
Command: [null, newSession {capabilities=[Capabilities {browserName: MicrosoftEdge, ms:edgeOptions: {args: [], extensions: []}}], desiredCapabilities=Capabilities {browserName: MicrosoftEdge, ms:edgeOptions: {args: [], extensions: []}}}]">
      <![CDATA[org.openqa.selenium.SessionNotCreatedException: Could not start a new session. Response code 500. Message: chrome not reachable
Build info: version: '4.1.2', revision: '9a5a329c5a'
System info: host: 'PRIYANKA', ip: '192.168.70.202', os.name: 'Windows 11', os.arch: 'amd64', os.version: '10.0', java.version: '1.8.0_321'
Driver info: org.openqa.selenium.edge.EdgeDriver
Command: [null, newSession {capabilities=[Capabilities {browserName: MicrosoftEdge, ms:edgeOptions: {args: [], extensions: []}}], desiredCapabilities=Capabilities {browserName: MicrosoftEdge, ms:edgeOptions: {args: [], extensions: []}}}]
at org.openqa.selenium.remote.ProtocolHandshake.createSession(ProtocolHandshake.java:126)
at org.openqa.selenium.remote.ProtocolHandshake.createSession(ProtocolHandshake.java:84)
at org.openqa.selenium.remote.ProtocolHandshake.createSession(ProtocolHandshake.java:62)
at org.openqa.selenium.remote.HttpCommandExecutor.execute(HttpCommandExecutor.java:156)
at org.openqa.selenium.remote.service.DriverCommandExecutor.invokeExecute(DriverCommandExecutor.java:167)
at org.openqa.selenium.remote.service.DriverCommandExecutor.execute(DriverCommandExecutor.java:142)
at org.openqa.selenium.remote.RemoteWebDriver.execute(RemoteWebDriver.java:558)
at org.openqa.selenium.remote.RemoteWebDriver.startSession(RemoteWebDriver.java:245)
at org.openqa.selenium.remote.RemoteWebDriver.<init>(RemoteWebDriver.java:161)
at org.openqa.selenium.chromium.ChromiumDriver.<init>(ChromiumDriver.java:108)
at org.openqa.selenium.edge.EdgeDriver.<init>(EdgeDriver.java:52)
at org.openqa.selenium.edge.EdgeDriver.<init>(EdgeDriver.java:44)
at org.openqa.selenium.edge.EdgeDriver.<init>(EdgeDriver.java:41)
at com.selenium.project4.Airline.beforeTest(Airline.java:257)
... Removed 24 stack frames]]>
    </failure>
  </testcase> <!-- @BeforeTest beforeTest -->
  <testcase name="@BeforeTest beforeTest" time="-1.645108449186E9" classname="com.selenium.project4.TestCase1">
    <skipped/>
  </testcase> <!-- @BeforeTest beforeTest -->
  <testcase name="@BeforeTest beforeTest" time="-1.645108449187E9" classname="com.selenium.project4.Testcase2">
    <skipped/>
  </testcase> <!-- @BeforeTest beforeTest -->
  <testcase name="@AfterTest afterTest" time="-1.645108449584E9" classname="com.selenium.project4.Airline">
    <skipped/>
  </testcase> <!-- @AfterTest afterTest -->
  <testcase name="@AfterTest afterTest" time="-1.645108449585E9" classname="com.selenium.project4.TestCase1">
    <skipped/>
  </testcase> <!-- @AfterTest afterTest -->
  <testcase name="@AfterTest afterTest" time="-1.645108449586E9" classname="com.selenium.project4.Testcase2">
    <skipped/>
  </testcase> <!-- @AfterTest afterTest -->
  <testcase name="TestCaseDataProvider" time="0.0" classname="com.selenium.project4.TestCase1">
    <skipped/>
  </testcase> <!-- TestCaseDataProvider -->
  <testcase name="TestCase1" time="0.0" classname="com.selenium.project4.TestCase1">
    <skipped/>
  </testcase> <!-- TestCase1 -->
  <testcase name="Case2" time="0.0" classname="com.selenium.project4.TestCase1">
    <skipped/>
  </testcase> <!-- Case2 -->
  <testcase name="TestCase" time="0.0" classname="com.selenium.project4.Testcase2">
    <skipped/>
  </testcase> <!-- TestCase -->
  <testcase name="TestCase1" time="0.0" classname="com.selenium.project4.Testcase2">
    <skipped/>
  </testcase> <!-- TestCase1 -->
  <testcase name="airline" time="0.0" classname="com.selenium.project4.Airline">
    <skipped/>
  </testcase> <!-- airline -->
  <testcase name="nonstop" time="0.0" classname="com.selenium.project4.Airline">
    <skipped/>
  </testcase> <!-- nonstop -->
  <testcase name="price" time="0.0" classname="com.selenium.project4.Airline">
    <skipped/>
  </testcase> <!-- price -->
  <testcase name="amount" time="0.0" classname="com.selenium.project4.Airline">
    <skipped/>
  </testcase> <!-- amount -->
  <testcase name="capture" time="0.0" classname="com.selenium.project4.Airline">
    <skipped/>
  </testcase> <!-- capture -->
  <testcase name="book" time="0.0" classname="com.selenium.project4.Airline">
    <skipped/>
  </testcase> <!-- book -->
  <testcase name="clickOnContinue" time="0.0" classname="com.selenium.project4.Airline">
    <skipped/>
  </testcase> <!-- clickOnContinue -->
</testsuite> <!-- Test -->
